%!Adobe-FontList 1.23
%Locale:0x809

%BeginFont
Handler:DirectoryHandler
FontType:TrueType
FontName:Roboto-Black
FamilyName:Roboto
StyleName:Black
FullName:Roboto Black
MenuName:Roboto Black
StyleBits:2
WritingScript:Roman
OutlineFileName:C:\Users\Robert\Desktop\BestWritings макет\Element\Font\Roboto-Black.ttf
DataFormat:sfntData
hasSVG:no
VariableFontType:NonVariableFont
FileLength:163488
FileModTime:1499028866
WeightClass:900
WidthClass:5
AngleClass:0
NameArray:0,Win,1,Roboto Black
NameArray:0,Win,16,Roboto
%EndFont

%BeginFont
Handler:DirectoryHandler
FontType:TrueType
FontName:Roboto-Bold
FamilyName:Roboto
StyleName:Bold
FullName:Roboto Bold
MenuName:Roboto
StyleBits:2
WritingScript:Roman
OutlineFileName:C:\Users\Robert\Desktop\BestWritings макет\Element\Font\Roboto-Bold.ttf
DataFormat:sfntData
hasSVG:no
VariableFontType:NonVariableFont
FileLength:162464
FileModTime:1499028866
WeightClass:700
WidthClass:5
AngleClass:0
NameArray:0,Win,1,Roboto
%EndFont

%BeginFont
Handler:DirectoryHandler
FontType:TrueType
FontName:Roboto-BoldItalic
FamilyName:Roboto
StyleName:Bold Italic
FullName:Roboto Bold Italic
MenuName:Roboto
StyleBits:3
WritingScript:Roman
OutlineFileName:C:\Users\Robert\Desktop\BestWritings макет\Element\Font\Roboto-BoldItalic.ttf
DataFormat:sfntData
hasSVG:no
VariableFontType:NonVariableFont
FileLength:163644
FileModTime:1499028868
WeightClass:700
WidthClass:5
AngleClass:1
NameArray:0,Win,1,Roboto
%EndFont

%BeginFont
Handler:DirectoryHandler
FontType:TrueType
FontName:Roboto-Light
FamilyName:Roboto
StyleName:Light
FullName:Roboto Light
MenuName:Roboto Light
StyleBits:0
WritingScript:Roman
OutlineFileName:C:\Users\Robert\Desktop\BestWritings макет\Element\Font\Roboto-Light.ttf
DataFormat:sfntData
hasSVG:no
VariableFontType:NonVariableFont
FileLength:162420
FileModTime:1499028868
WeightClass:300
WidthClass:5
AngleClass:0
NameArray:0,Win,1,Roboto Light
NameArray:0,Win,16,Roboto
%EndFont

%BeginFont
Handler:DirectoryHandler
FontType:TrueType
FontName:Roboto-Medium
FamilyName:Roboto
StyleName:Medium
FullName:Roboto Medium
MenuName:Roboto Medium
StyleBits:0
WritingScript:Roman
OutlineFileName:C:\Users\Robert\Desktop\BestWritings макет\Element\Font\Roboto-Medium.ttf
DataFormat:sfntData
hasSVG:no
VariableFontType:NonVariableFont
FileLength:162588
FileModTime:1499028868
WeightClass:500
WidthClass:5
AngleClass:0
NameArray:0,Win,1,Roboto Medium
NameArray:0,Win,16,Roboto
%EndFont

%BeginFont
Handler:DirectoryHandler
FontType:TrueType
FontName:Roboto-MediumItalic
FamilyName:Roboto
StyleName:Medium Italic
FullName:Roboto Medium Italic
MenuName:Roboto Medium
StyleBits:1
WritingScript:Roman
OutlineFileName:C:\Users\Robert\Desktop\BestWritings макет\Element\Font\Roboto-MediumItalic.ttf
DataFormat:sfntData
hasSVG:no
VariableFontType:NonVariableFont
FileLength:165636
FileModTime:1499028868
WeightClass:500
WidthClass:5
AngleClass:1
NameArray:0,Win,1,Roboto Medium
NameArray:0,Win,16,Roboto
%EndFont

%BeginFont
Handler:DirectoryHandler
FontType:TrueType
FontName:Roboto-Regular
FamilyName:Roboto
StyleName:Regular
FullName:Roboto
MenuName:Roboto
StyleBits:0
WritingScript:Roman
OutlineFileName:C:\Users\Robert\Desktop\BestWritings макет\Element\Font\Roboto-Regular.ttf
DataFormat:sfntData
hasSVG:no
VariableFontType:NonVariableFont
FileLength:162876
FileModTime:1499028868
WeightClass:400
WidthClass:5
AngleClass:0
NameArray:0,Win,1,Roboto
%EndFont

%BeginFont
Handler:DirectoryHandler
FontType:TrueType
FontName:Roboto-Thin
FamilyName:Roboto
StyleName:Thin
FullName:Roboto Thin
MenuName:Roboto Thin
StyleBits:0
WritingScript:Roman
OutlineFileName:C:\Users\Robert\Desktop\BestWritings макет\Element\Font\Roboto-Thin.ttf
DataFormat:sfntData
hasSVG:no
VariableFontType:NonVariableFont
FileLength:163132
FileModTime:1499028870
WeightClass:250
WidthClass:5
AngleClass:0
NameArray:0,Win,1,Roboto Thin
NameArray:0,Win,16,Roboto
%EndFont

%BeginFont
Handler:DirectoryHandler
FontType:TrueType
FontName:Roboto-ThinItalic
FamilyName:Roboto
StyleName:Thin Italic
FullName:Roboto Thin Italic
MenuName:Roboto Thin
StyleBits:1
WritingScript:Roman
OutlineFileName:C:\Users\Robert\Desktop\BestWritings макет\Element\Font\Roboto-ThinItalic.ttf
DataFormat:sfntData
hasSVG:no
VariableFontType:NonVariableFont
FileLength:168276
FileModTime:1499028866
WeightClass:250
WidthClass:5
AngleClass:1
NameArray:0,Win,1,Roboto Thin
NameArray:0,Win,16,Roboto
%EndFont

%BeginFont
Handler:DirectoryHandler
FontType:TrueType
FontName:RobotoCondensed-Bold
FamilyName:Roboto Condensed
StyleName:Bold
FullName:Roboto Condensed Bold
MenuName:Roboto Condensed
StyleBits:2
WritingScript:Roman
OutlineFileName:C:\Users\Robert\Desktop\BestWritings макет\Element\Font\RobotoCondensed-Bold.ttf
DataFormat:sfntData
hasSVG:no
VariableFontType:NonVariableFont
FileLength:161748
FileModTime:1499028868
WeightClass:700
WidthClass:5
AngleClass:0
NameArray:0,Win,1,Roboto Condensed
%EndFont

%BeginFont
Handler:DirectoryHandler
FontType:TrueType
FontName:RobotoCondensed-Light
FamilyName:Roboto Condensed
StyleName:Light
FullName:Roboto Condensed Light
MenuName:Roboto Condensed Light
StyleBits:0
WritingScript:Roman
OutlineFileName:C:\Users\Robert\Desktop\BestWritings макет\Element\Font\RobotoCondensed-Light.ttf
DataFormat:sfntData
hasSVG:no
VariableFontType:NonVariableFont
FileLength:160748
FileModTime:1499028870
WeightClass:300
WidthClass:5
AngleClass:0
NameArray:0,Win,1,Roboto Condensed Light
NameArray:0,Win,16,Roboto Condensed
%EndFont

%BeginFont
Handler:DirectoryHandler
FontType:TrueType
FontName:RobotoCondensed-Regular
FamilyName:Roboto Condensed
StyleName:Regular
FullName:Roboto Condensed
MenuName:Roboto Condensed
StyleBits:0
WritingScript:Roman
OutlineFileName:C:\Users\Robert\Desktop\BestWritings макет\Element\Font\RobotoCondensed-Regular.ttf
DataFormat:sfntData
hasSVG:no
VariableFontType:NonVariableFont
FileLength:161524
FileModTime:1499028868
WeightClass:400
WidthClass:5
AngleClass:0
NameArray:0,Win,1,Roboto Condensed
%EndFont

